<?xml version="1.0" encoding="UTF-8"?>
<testsuites>
  <testsuite name="/var/www/html/wm-package/phpunit.xml.dist" tests="105" assertions="202" errors="0" failures="0" skipped="0" time="3.746910">
    <testsuite name="Wm Test Suite" tests="105" assertions="202" errors="0" failures="0" skipped="0" time="3.746910">
      <testsuite name="Tests\ExampleTest" file="tests/ExampleTest.php" tests="1" assertions="1" errors="0" failures="0" skipped="0" time="0.560465">
        <testcase name="it can test" file="tests/ExampleTest.php::it can test" class="Tests\ExampleTest" classname="Tests.ExampleTest" assertions="1" time="0.560465"/>
      </testsuite>
      <testsuite name="Wm\WmPackage\Tests\Feature\ExportTest" file="Export (Wm\WmPackage\Tests\Feature\Export)" tests="1" assertions="1" errors="0" failures="0" skipped="0" time="0.048615">
        <testcase name="It can export collection to excel" file="Export (Wm\WmPackage\Tests\Feature\Export)::It can export collection to excel" class="Wm\WmPackage\Tests\Feature\ExportTest" classname="Wm.WmPackage.Tests.Feature.ExportTest" assertions="1" time="0.048615"/>
      </testsuite>
      <testsuite name="Tests\Unit\Services\GeoJsonService\ConvertPolygonToMultiPolygonTest" file="Convert Polygon To Multi Polygon (Tests\Unit\Services\GeoJsonService\ConvertPolygonToMultiPolygon)" tests="3" assertions="6" errors="0" failures="0" skipped="0" time="0.084966">
        <testcase name="Convert polygon to multi polygon returns the multi polygon if geojson feature multi polygon" file="Convert Polygon To Multi Polygon (Tests\Unit\Services\GeoJsonService\ConvertPolygonToMultiPolygon)::Convert polygon to multi polygon returns the multi polygon if geojson feature multi polygon" class="Tests\Unit\Services\GeoJsonService\ConvertPolygonToMultiPolygonTest" classname="Tests.Unit.Services.GeoJsonService.ConvertPolygonToMultiPolygonTest" assertions="1" time="0.031339"/>
        <testcase name="Convert polygon to multi polygon returns false if anything else" file="Convert Polygon To Multi Polygon (Tests\Unit\Services\GeoJsonService\ConvertPolygonToMultiPolygon)::Convert polygon to multi polygon returns false if anything else" class="Tests\Unit\Services\GeoJsonService\ConvertPolygonToMultiPolygonTest" classname="Tests.Unit.Services.GeoJsonService.ConvertPolygonToMultiPolygonTest" assertions="4" time="0.023816"/>
        <testcase name="Convert polygon to multi polygon returns the multi polygon if geojson feature polygon" file="Convert Polygon To Multi Polygon (Tests\Unit\Services\GeoJsonService\ConvertPolygonToMultiPolygon)::Convert polygon to multi polygon returns the multi polygon if geojson feature polygon" class="Tests\Unit\Services\GeoJsonService\ConvertPolygonToMultiPolygonTest" classname="Tests.Unit.Services.GeoJsonService.ConvertPolygonToMultiPolygonTest" assertions="1" time="0.029811"/>
      </testsuite>
      <testsuite name="Tests\Unit\OsmFeatures\OsmfeaturesClientTest" file="Osmfeatures Client (Tests\Unit\OsmFeatures\OsmfeaturesClient)" tests="4" assertions="5" errors="0" failures="0" skipped="0" time="0.108434">
        <testcase name="Get wheres with failed response" file="Osmfeatures Client (Tests\Unit\OsmFeatures\OsmfeaturesClient)::Get wheres with failed response" class="Tests\Unit\OsmFeatures\OsmfeaturesClientTest" classname="Tests.Unit.OsmFeatures.OsmfeaturesClientTest" assertions="2" time="0.035864"/>
        <testcase name="Get wheres with no intersections" file="Osmfeatures Client (Tests\Unit\OsmFeatures\OsmfeaturesClient)::Get wheres with no intersections" class="Tests\Unit\OsmFeatures\OsmfeaturesClientTest" classname="Tests.Unit.OsmFeatures.OsmfeaturesClientTest" assertions="1" time="0.024225"/>
        <testcase name="Get wheres with all translations" file="Osmfeatures Client (Tests\Unit\OsmFeatures\OsmfeaturesClient)::Get wheres with all translations" class="Tests\Unit\OsmFeatures\OsmfeaturesClientTest" classname="Tests.Unit.OsmFeatures.OsmfeaturesClientTest" assertions="1" time="0.027022"/>
        <testcase name="Get wheres with only default names" file="Osmfeatures Client (Tests\Unit\OsmFeatures\OsmfeaturesClient)::Get wheres with only default names" class="Tests\Unit\OsmFeatures\OsmfeaturesClientTest" classname="Tests.Unit.OsmFeatures.OsmfeaturesClientTest" assertions="1" time="0.021324"/>
      </testsuite>
      <testsuite name="Tests\Unit\Services\EcTrackService\GetRelatedPoisOrderTest" file="Get Related Pois Order (Tests\Unit\Services\EcTrackService\GetRelatedPoisOrder)" tests="2" assertions="2" errors="0" failures="0" skipped="0" time="0.058741">
        <testcase name="Get related pois order returns null when no related pois exist" file="Get Related Pois Order (Tests\Unit\Services\EcTrackService\GetRelatedPoisOrder)::Get related pois order returns null when no related pois exist" class="Tests\Unit\Services\EcTrackService\GetRelatedPoisOrderTest" classname="Tests.Unit.Services.EcTrackService.GetRelatedPoisOrderTest" assertions="1" time="0.035374"/>
        <testcase name="Get related pois order returns ordered poi ids when related pois exist" file="Get Related Pois Order (Tests\Unit\Services\EcTrackService\GetRelatedPoisOrder)::Get related pois order returns ordered poi ids when related pois exist" class="Tests\Unit\Services\EcTrackService\GetRelatedPoisOrderTest" classname="Tests.Unit.Services.EcTrackService.GetRelatedPoisOrderTest" assertions="1" time="0.023367"/>
      </testsuite>
      <testsuite name="Tests\Unit\Providers\OsmClientgetPropertiesAndGeometryForWayTest" file="Osm Clientget Properties And Geometry For Way (Tests\Unit\Providers\OsmClientgetPropertiesAndGeometryForWay)" tests="6" assertions="6" errors="0" failures="0" skipped="0" time="0.169375">
        <testcase name="No tags throw exception" file="Osm Clientget Properties And Geometry For Way (Tests\Unit\Providers\OsmClientgetPropertiesAndGeometryForWay)::No tags throw exception" class="Tests\Unit\Providers\OsmClientgetPropertiesAndGeometryForWayTest" classname="Tests.Unit.Providers.OsmClientgetPropertiesAndGeometryForWayTest" assertions="1" time="0.039593"/>
        <testcase name="No lat throw exception" file="Osm Clientget Properties And Geometry For Way (Tests\Unit\Providers\OsmClientgetPropertiesAndGeometryForWay)::No lat throw exception" class="Tests\Unit\Providers\OsmClientgetPropertiesAndGeometryForWayTest" classname="Tests.Unit.Providers.OsmClientgetPropertiesAndGeometryForWayTest" assertions="1" time="0.023999"/>
        <testcase name="No elements throw exception" file="Osm Clientget Properties And Geometry For Way (Tests\Unit\Providers\OsmClientgetPropertiesAndGeometryForWay)::No elements throw exception" class="Tests\Unit\Providers\OsmClientgetPropertiesAndGeometryForWayTest" classname="Tests.Unit.Providers.OsmClientgetPropertiesAndGeometryForWayTest" assertions="1" time="0.028713"/>
        <testcase name="With proper json has proper properties and geometry" file="Osm Clientget Properties And Geometry For Way (Tests\Unit\Providers\OsmClientgetPropertiesAndGeometryForWay)::With proper json has proper properties and geometry" class="Tests\Unit\Providers\OsmClientgetPropertiesAndGeometryForWayTest" classname="Tests.Unit.Providers.OsmClientgetPropertiesAndGeometryForWayTest" assertions="1" time="0.024303"/>
        <testcase name="No lon throw exception" file="Osm Clientget Properties And Geometry For Way (Tests\Unit\Providers\OsmClientgetPropertiesAndGeometryForWay)::No lon throw exception" class="Tests\Unit\Providers\OsmClientgetPropertiesAndGeometryForWayTest" classname="Tests.Unit.Providers.OsmClientgetPropertiesAndGeometryForWayTest" assertions="1" time="0.026663"/>
        <testcase name="No nodes throw exception" file="Osm Clientget Properties And Geometry For Way (Tests\Unit\Providers\OsmClientgetPropertiesAndGeometryForWay)::No nodes throw exception" class="Tests\Unit\Providers\OsmClientgetPropertiesAndGeometryForWayTest" classname="Tests.Unit.Providers.OsmClientgetPropertiesAndGeometryForWayTest" assertions="1" time="0.026104"/>
      </testsuite>
      <testsuite name="Tests\Unit\Services\GeoJsonService\IsGeojsonFeaturePolygon" file="Is Geojson Feature Polygon (Tests\Unit\Services\GeoJsonService\IsGeojsonFeaturePolygon)" tests="3" assertions="6" errors="0" failures="0" skipped="0" time="0.087517">
        <testcase name="Is geojson feature polygon returns true if geojson feature polygon" file="Is Geojson Feature Polygon (Tests\Unit\Services\GeoJsonService\IsGeojsonFeaturePolygon)::Is geojson feature polygon returns true if geojson feature polygon" class="Tests\Unit\Services\GeoJsonService\IsGeojsonFeaturePolygon" classname="Tests.Unit.Services.GeoJsonService.IsGeojsonFeaturePolygon" assertions="1" time="0.029564"/>
        <testcase name="Is geojson feature polygon returns false if not geojson feature polygon" file="Is Geojson Feature Polygon (Tests\Unit\Services\GeoJsonService\IsGeojsonFeaturePolygon)::Is geojson feature polygon returns false if not geojson feature polygon" class="Tests\Unit\Services\GeoJsonService\IsGeojsonFeaturePolygon" classname="Tests.Unit.Services.GeoJsonService.IsGeojsonFeaturePolygon" assertions="1" time="0.026831"/>
        <testcase name="Is geojson feature polygon returns false if anything else" file="Is Geojson Feature Polygon (Tests\Unit\Services\GeoJsonService\IsGeojsonFeaturePolygon)::Is geojson feature polygon returns false if anything else" class="Tests\Unit\Services\GeoJsonService\IsGeojsonFeaturePolygon" classname="Tests.Unit.Services.GeoJsonService.IsGeojsonFeaturePolygon" assertions="4" time="0.031122"/>
      </testsuite>
      <testsuite name="Tests\Unit\Services\GeoJsonService\IsGeoJsonFeature" file="Is Geo Json Feature (Tests\Unit\Services\GeoJsonService\IsGeoJsonFeature)" tests="4" assertions="7" errors="0" failures="0" skipped="0" time="0.112037">
        <testcase name="Is geojson feature returns false if anything else" file="Is Geo Json Feature (Tests\Unit\Services\GeoJsonService\IsGeoJsonFeature)::Is geojson feature returns false if anything else" class="Tests\Unit\Services\GeoJsonService\IsGeoJsonFeature" classname="Tests.Unit.Services.GeoJsonService.IsGeoJsonFeature" assertions="4" time="0.033021"/>
        <testcase name="Is geojson feature returns false if missing type" file="Is Geo Json Feature (Tests\Unit\Services\GeoJsonService\IsGeoJsonFeature)::Is geojson feature returns false if missing type" class="Tests\Unit\Services\GeoJsonService\IsGeoJsonFeature" classname="Tests.Unit.Services.GeoJsonService.IsGeoJsonFeature" assertions="1" time="0.024897"/>
        <testcase name="Is geojson feature returns false if not geojson feature" file="Is Geo Json Feature (Tests\Unit\Services\GeoJsonService\IsGeoJsonFeature)::Is geojson feature returns false if not geojson feature" class="Tests\Unit\Services\GeoJsonService\IsGeoJsonFeature" classname="Tests.Unit.Services.GeoJsonService.IsGeoJsonFeature" assertions="1" time="0.029286"/>
        <testcase name="Is geojson feature returns true if geojson feature" file="Is Geo Json Feature (Tests\Unit\Services\GeoJsonService\IsGeoJsonFeature)::Is geojson feature returns true if geojson feature" class="Tests\Unit\Services\GeoJsonService\IsGeoJsonFeature" classname="Tests.Unit.Services.GeoJsonService.IsGeoJsonFeature" assertions="1" time="0.024833"/>
      </testsuite>
      <testsuite name="Tests\Unit\OsmClient\OsmClientTest" file="tests/Unit/OsmClient/OsmClientTest.php" tests="1" assertions="2" errors="0" failures="0" skipped="0" time="0.032478">
        <testcase name="osm client exists" file="tests/Unit/OsmClient/OsmClientTest.php::osm client exists" class="Tests\Unit\OsmClient\OsmClientTest" classname="Tests.Unit.OsmClient.OsmClientTest" assertions="2" time="0.032478"/>
      </testsuite>
      <testsuite name="Tests\Unit\Providers\OsmClientgetPropertiesAndGeometryForRelationCheckGeometryTest" file="Osm Clientget Properties And Geometry For Relation Check Geometry (Tests\Unit\Providers\OsmClientgetPropertiesAndGeometryForRelationCheckGeometry)" tests="6" assertions="6" errors="0" failures="0" skipped="0" time="0.177849">
        <testcase name="With valid json nodes order does not count it works" file="Osm Clientget Properties And Geometry For Relation Check Geometry (Tests\Unit\Providers\OsmClientgetPropertiesAndGeometryForRelationCheckGeometry)::With valid json nodes order does not count it works" class="Tests\Unit\Providers\OsmClientgetPropertiesAndGeometryForRelationCheckGeometryTest" classname="Tests.Unit.Providers.OsmClientgetPropertiesAndGeometryForRelationCheckGeometryTest" assertions="1" time="0.027826"/>
        <testcase name="With valid json members order and nodes does not count it works" file="Osm Clientget Properties And Geometry For Relation Check Geometry (Tests\Unit\Providers\OsmClientgetPropertiesAndGeometryForRelationCheckGeometry)::With valid json members order and nodes does not count it works" class="Tests\Unit\Providers\OsmClientgetPropertiesAndGeometryForRelationCheckGeometryTest" classname="Tests.Unit.Providers.OsmClientgetPropertiesAndGeometryForRelationCheckGeometryTest" assertions="1" time="0.036180"/>
        <testcase name="With valid json members order does not count it works" file="Osm Clientget Properties And Geometry For Relation Check Geometry (Tests\Unit\Providers\OsmClientgetPropertiesAndGeometryForRelationCheckGeometry)::With valid json members order does not count it works" class="Tests\Unit\Providers\OsmClientgetPropertiesAndGeometryForRelationCheckGeometryTest" classname="Tests.Unit.Providers.OsmClientgetPropertiesAndGeometryForRelationCheckGeometryTest" assertions="1" time="0.031968"/>
        <testcase name="With valid json it works" file="Osm Clientget Properties And Geometry For Relation Check Geometry (Tests\Unit\Providers\OsmClientgetPropertiesAndGeometryForRelationCheckGeometry)::With valid json it works" class="Tests\Unit\Providers\OsmClientgetPropertiesAndGeometryForRelationCheckGeometryTest" classname="Tests.Unit.Providers.OsmClientgetPropertiesAndGeometryForRelationCheckGeometryTest" assertions="1" time="0.023385"/>
        <testcase name="With not connected ways it throws proper exception" file="Osm Clientget Properties And Geometry For Relation Check Geometry (Tests\Unit\Providers\OsmClientgetPropertiesAndGeometryForRelationCheckGeometry)::With not connected ways it throws proper exception" class="Tests\Unit\Providers\OsmClientgetPropertiesAndGeometryForRelationCheckGeometryTest" classname="Tests.Unit.Providers.OsmClientgetPropertiesAndGeometryForRelationCheckGeometryTest" assertions="1" time="0.025970"/>
        <testcase name="With mustache it throws proper exception" file="Osm Clientget Properties And Geometry For Relation Check Geometry (Tests\Unit\Providers\OsmClientgetPropertiesAndGeometryForRelationCheckGeometry)::With mustache it throws proper exception" class="Tests\Unit\Providers\OsmClientgetPropertiesAndGeometryForRelationCheckGeometryTest" classname="Tests.Unit.Providers.OsmClientgetPropertiesAndGeometryForRelationCheckGeometryTest" assertions="1" time="0.032521"/>
      </testsuite>
      <testsuite name="Tests\Unit\Providers\OsmClientgetPropertiesAndGeometryForRelationSimpleCasesTest" file="Osm Clientget Properties And Geometry For Relation Simple Cases (Tests\Unit\Providers\OsmClientgetPropertiesAndGeometryForRelationSimpleCases)" tests="5" assertions="10" errors="0" failures="0" skipped="0" time="0.148565">
        <testcase name="Node order3 it works" file="Osm Clientget Properties And Geometry For Relation Simple Cases (Tests\Unit\Providers\OsmClientgetPropertiesAndGeometryForRelationSimpleCases)::Node order3 it works" class="Tests\Unit\Providers\OsmClientgetPropertiesAndGeometryForRelationSimpleCasesTest" classname="Tests.Unit.Providers.OsmClientgetPropertiesAndGeometryForRelationSimpleCasesTest" assertions="2" time="0.028981"/>
        <testcase name="Node order2 it works" file="Osm Clientget Properties And Geometry For Relation Simple Cases (Tests\Unit\Providers\OsmClientgetPropertiesAndGeometryForRelationSimpleCases)::Node order2 it works" class="Tests\Unit\Providers\OsmClientgetPropertiesAndGeometryForRelationSimpleCasesTest" classname="Tests.Unit.Providers.OsmClientgetPropertiesAndGeometryForRelationSimpleCasesTest" assertions="2" time="0.027751"/>
        <testcase name="Node order1 it works" file="Osm Clientget Properties And Geometry For Relation Simple Cases (Tests\Unit\Providers\OsmClientgetPropertiesAndGeometryForRelationSimpleCases)::Node order1 it works" class="Tests\Unit\Providers\OsmClientgetPropertiesAndGeometryForRelationSimpleCasesTest" classname="Tests.Unit.Providers.OsmClientgetPropertiesAndGeometryForRelationSimpleCasesTest" assertions="2" time="0.035977"/>
        <testcase name="Simple case it works" file="Osm Clientget Properties And Geometry For Relation Simple Cases (Tests\Unit\Providers\OsmClientgetPropertiesAndGeometryForRelationSimpleCases)::Simple case it works" class="Tests\Unit\Providers\OsmClientgetPropertiesAndGeometryForRelationSimpleCasesTest" classname="Tests.Unit.Providers.OsmClientgetPropertiesAndGeometryForRelationSimpleCasesTest" assertions="2" time="0.025672"/>
        <testcase name="Simple case inverted it works" file="Osm Clientget Properties And Geometry For Relation Simple Cases (Tests\Unit\Providers\OsmClientgetPropertiesAndGeometryForRelationSimpleCases)::Simple case inverted it works" class="Tests\Unit\Providers\OsmClientgetPropertiesAndGeometryForRelationSimpleCasesTest" classname="Tests.Unit.Providers.OsmClientgetPropertiesAndGeometryForRelationSimpleCasesTest" assertions="2" time="0.030184"/>
      </testsuite>
      <testsuite name="Tests\Unit\Providers\OsmClientgetFullOsmApiUrlByOsmIdTest" file="Osm Clientget Full Osm Api Url By Osm Id (Tests\Unit\Providers\OsmClientgetFullOsmApiUrlByOsmId)" tests="3" assertions="3" errors="0" failures="0" skipped="0" time="0.094591">
        <testcase name="With way" file="Osm Clientget Full Osm Api Url By Osm Id (Tests\Unit\Providers\OsmClientgetFullOsmApiUrlByOsmId)::With way" class="Tests\Unit\Providers\OsmClientgetFullOsmApiUrlByOsmIdTest" classname="Tests.Unit.Providers.OsmClientgetFullOsmApiUrlByOsmIdTest" assertions="1" time="0.027226"/>
        <testcase name="With node" file="Osm Clientget Full Osm Api Url By Osm Id (Tests\Unit\Providers\OsmClientgetFullOsmApiUrlByOsmId)::With node" class="Tests\Unit\Providers\OsmClientgetFullOsmApiUrlByOsmIdTest" classname="Tests.Unit.Providers.OsmClientgetFullOsmApiUrlByOsmIdTest" assertions="1" time="0.033817"/>
        <testcase name="With relation" file="Osm Clientget Full Osm Api Url By Osm Id (Tests\Unit\Providers\OsmClientgetFullOsmApiUrlByOsmId)::With relation" class="Tests\Unit\Providers\OsmClientgetFullOsmApiUrlByOsmIdTest" classname="Tests.Unit.Providers.OsmClientgetFullOsmApiUrlByOsmIdTest" assertions="1" time="0.033547"/>
      </testsuite>
      <testsuite name="Tests\Unit\Services\GeoJsonService\TestIsGeojsonFeatureMultiPolygon" file="Is Geojson Feature Multi Polygon (Tests\Unit\Services\GeoJsonService\IsGeojsonFeatureMultiPolygon)" tests="3" assertions="6" errors="0" failures="0" skipped="0" time="0.078495">
        <testcase name="Is geojson feature multi polygon returns false if not geojson feature multi polygon" file="Is Geojson Feature Multi Polygon (Tests\Unit\Services\GeoJsonService\IsGeojsonFeatureMultiPolygon)::Is geojson feature multi polygon returns false if not geojson feature multi polygon" class="Tests\Unit\Services\GeoJsonService\TestIsGeojsonFeatureMultiPolygon" classname="Tests.Unit.Services.GeoJsonService.TestIsGeojsonFeatureMultiPolygon" assertions="1" time="0.032412"/>
        <testcase name="Is geojson feature multi polygon returns true if geojson feature multi polygon" file="Is Geojson Feature Multi Polygon (Tests\Unit\Services\GeoJsonService\IsGeojsonFeatureMultiPolygon)::Is geojson feature multi polygon returns true if geojson feature multi polygon" class="Tests\Unit\Services\GeoJsonService\TestIsGeojsonFeatureMultiPolygon" classname="Tests.Unit.Services.GeoJsonService.TestIsGeojsonFeatureMultiPolygon" assertions="1" time="0.024268"/>
        <testcase name="Is geojson feature multi polygon returns false if anything else" file="Is Geojson Feature Multi Polygon (Tests\Unit\Services\GeoJsonService\IsGeojsonFeatureMultiPolygon)::Is geojson feature multi polygon returns false if anything else" class="Tests\Unit\Services\GeoJsonService\TestIsGeojsonFeatureMultiPolygon" classname="Tests.Unit.Services.GeoJsonService.TestIsGeojsonFeatureMultiPolygon" assertions="4" time="0.021814"/>
      </testsuite>
      <testsuite name="Tests\Unit\Services\GeoJsonService\IsGeoJsonFeatureCollection" file="Is Geo Json Feature Collection (Tests\Unit\Services\GeoJsonService\IsGeoJsonFeatureCollection)" tests="5" assertions="5" errors="0" failures="0" skipped="0" time="0.145164">
        <testcase name="Is geojson feature collection returns false if not geojson feature collection" file="Is Geo Json Feature Collection (Tests\Unit\Services\GeoJsonService\IsGeoJsonFeatureCollection)::Is geojson feature collection returns false if not geojson feature collection" class="Tests\Unit\Services\GeoJsonService\IsGeoJsonFeatureCollection" classname="Tests.Unit.Services.GeoJsonService.IsGeoJsonFeatureCollection" assertions="1" time="0.029547"/>
        <testcase name="Is geojson feature collection returns false if json is missing" file="Is Geo Json Feature Collection (Tests\Unit\Services\GeoJsonService\IsGeoJsonFeatureCollection)::Is geojson feature collection returns false if json is missing" class="Tests\Unit\Services\GeoJsonService\IsGeoJsonFeatureCollection" classname="Tests.Unit.Services.GeoJsonService.IsGeoJsonFeatureCollection" assertions="1" time="0.023898"/>
        <testcase name="Is geojson feature collection returns false if missing type" file="Is Geo Json Feature Collection (Tests\Unit\Services\GeoJsonService\IsGeoJsonFeatureCollection)::Is geojson feature collection returns false if missing type" class="Tests\Unit\Services\GeoJsonService\IsGeoJsonFeatureCollection" classname="Tests.Unit.Services.GeoJsonService.IsGeoJsonFeatureCollection" assertions="1" time="0.034639"/>
        <testcase name="Is geojson feature collection returns false if malformed json" file="Is Geo Json Feature Collection (Tests\Unit\Services\GeoJsonService\IsGeoJsonFeatureCollection)::Is geojson feature collection returns false if malformed json" class="Tests\Unit\Services\GeoJsonService\IsGeoJsonFeatureCollection" classname="Tests.Unit.Services.GeoJsonService.IsGeoJsonFeatureCollection" assertions="1" time="0.033610"/>
        <testcase name="Is geojson feature collection returns true if geojson feature collection" file="Is Geo Json Feature Collection (Tests\Unit\Services\GeoJsonService\IsGeoJsonFeatureCollection)::Is geojson feature collection returns true if geojson feature collection" class="Tests\Unit\Services\GeoJsonService\IsGeoJsonFeatureCollection" classname="Tests.Unit.Services.GeoJsonService.IsGeoJsonFeatureCollection" assertions="1" time="0.023470"/>
      </testsuite>
      <testsuite name="Tests\Unit\Services\EcTrackService\UpdateOsmDataTest" file="Update Osm Data (Tests\Unit\Services\EcTrackService\UpdateOsmData)" tests="4" assertions="22" errors="0" failures="0" skipped="0" time="0.120461">
        <testcase name="Update osm data fails when geometry is missing" file="Update Osm Data (Tests\Unit\Services\EcTrackService\UpdateOsmData)::Update osm data fails when geometry is missing" class="Tests\Unit\Services\EcTrackService\UpdateOsmDataTest" classname="Tests.Unit.Services.EcTrackService.UpdateOsmDataTest" assertions="2" time="0.026863"/>
        <testcase name="Update osm data updates track with osm data" file="Update Osm Data (Tests\Unit\Services\EcTrackService\UpdateOsmData)::Update osm data updates track with osm data" class="Tests\Unit\Services\EcTrackService\UpdateOsmDataTest" classname="Tests.Unit.Services.EcTrackService.UpdateOsmDataTest" assertions="9" time="0.033474"/>
        <testcase name="Updates only null fields are updated" file="Update Osm Data (Tests\Unit\Services\EcTrackService\UpdateOsmData)::Updates only null fields are updated" class="Tests\Unit\Services\EcTrackService\UpdateOsmDataTest" classname="Tests.Unit.Services.EcTrackService.UpdateOsmDataTest" assertions="9" time="0.034767"/>
        <testcase name="Update osm data fails when properties are missing" file="Update Osm Data (Tests\Unit\Services\EcTrackService\UpdateOsmData)::Update osm data fails when properties are missing" class="Tests\Unit\Services\EcTrackService\UpdateOsmDataTest" classname="Tests.Unit.Services.EcTrackService.UpdateOsmDataTest" assertions="2" time="0.025358"/>
      </testsuite>
      <testsuite name="Tests\Unit\Observers\UgcObserverTest" file="Ugc Observer (Tests\Unit\Observers\UgcObserver)" tests="2" assertions="2" errors="0" failures="0" skipped="0" time="0.057372">
        <testcase name="It sets authenticated user as author when creating model" file="Ugc Observer (Tests\Unit\Observers\UgcObserver)::It sets authenticated user as author when creating model" class="Tests\Unit\Observers\UgcObserverTest" classname="Tests.Unit.Observers.UgcObserverTest" assertions="1" time="0.032544"/>
        <testcase name="It sets default webmapp user as author when no user authenticated" file="Ugc Observer (Tests\Unit\Observers\UgcObserver)::It sets default webmapp user as author when no user authenticated" class="Tests\Unit\Observers\UgcObserverTest" classname="Tests.Unit.Observers.UgcObserverTest" assertions="1" time="0.024828"/>
      </testsuite>
      <testsuite name="Wm\WmPackage\Tests\Feature\UgcPoiControllerTest" file="Ugc Poi Controller (Wm\WmPackage\Tests\Feature\UgcPoiController)" tests="2" assertions="4" errors="0" failures="0" skipped="0" time="0.165132">
        <testcase name="Destroy" file="Ugc Poi Controller (Wm\WmPackage\Tests\Feature\UgcPoiController)::Destroy" class="Wm\WmPackage\Tests\Feature\UgcPoiControllerTest" classname="Wm.WmPackage.Tests.Feature.UgcPoiControllerTest" assertions="2" time="0.109821"/>
        <testcase name="Update" file="Ugc Poi Controller (Wm\WmPackage\Tests\Feature\UgcPoiController)::Update" class="Wm\WmPackage\Tests\Feature\UgcPoiControllerTest" classname="Wm.WmPackage.Tests.Feature.UgcPoiControllerTest" assertions="2" time="0.055311"/>
      </testsuite>
      <testsuite name="Tests\Unit\Services\EcTrackService\UpdateCurrentDataTest" file="Update Current Data (Tests\Unit\Services\EcTrackService\UpdateCurrentData)" tests="5" assertions="16" errors="0" failures="0" skipped="0" time="0.165935">
        <testcase name="Update current data logs error when exception occurs" file="Update Current Data (Tests\Unit\Services\EcTrackService\UpdateCurrentData)::Update current data logs error when exception occurs" class="Tests\Unit\Services\EcTrackService\UpdateCurrentDataTest" classname="Tests.Unit.Services.EcTrackService.UpdateCurrentDataTest" assertions="1" time="0.028035"/>
        <testcase name="Update current data updates track field with dem value when osm value missing" file="Update Current Data (Tests\Unit\Services\EcTrackService\UpdateCurrentData)::Update current data updates track field with dem value when osm value missing" class="Tests\Unit\Services\EcTrackService\UpdateCurrentDataTest" classname="Tests.Unit.Services.EcTrackService.UpdateCurrentDataTest" assertions="3" time="0.029794"/>
        <testcase name="Update current data updates track field with osm value when dirty field is null" file="Update Current Data (Tests\Unit\Services\EcTrackService\UpdateCurrentData)::Update current data updates track field with osm value when dirty field is null" class="Tests\Unit\Services\EcTrackService\UpdateCurrentDataTest" classname="Tests.Unit.Services.EcTrackService.UpdateCurrentDataTest" assertions="6" time="0.046554"/>
        <testcase name="Update current data does not update field when not in dem data fields" file="Update Current Data (Tests\Unit\Services\EcTrackService\UpdateCurrentData)::Update current data does not update field when not in dem data fields" class="Tests\Unit\Services\EcTrackService\UpdateCurrentDataTest" classname="Tests.Unit.Services.EcTrackService.UpdateCurrentDataTest" assertions="2" time="0.032385"/>
        <testcase name="Update current data updates manual data for non null dirty fields" file="Update Current Data (Tests\Unit\Services\EcTrackService\UpdateCurrentData)::Update current data updates manual data for non null dirty fields" class="Tests\Unit\Services\EcTrackService\UpdateCurrentDataTest" classname="Tests.Unit.Services.EcTrackService.UpdateCurrentDataTest" assertions="4" time="0.029167"/>
      </testsuite>
      <testsuite name="Tests\Unit\Services\GeoJsonService\ConvertCollectionToFirstFeatureTest" file="Convert Collection To First Feature (Tests\Unit\Services\GeoJsonService\ConvertCollectionToFirstFeature)" tests="4" assertions="4" errors="0" failures="0" skipped="0" time="0.103592">
        <testcase name="Convert collection to first feature returns the feature if only feature" file="Convert Collection To First Feature (Tests\Unit\Services\GeoJsonService\ConvertCollectionToFirstFeature)::Convert collection to first feature returns the feature if only feature" class="Tests\Unit\Services\GeoJsonService\ConvertCollectionToFirstFeatureTest" classname="Tests.Unit.Services.GeoJsonService.ConvertCollectionToFirstFeatureTest" assertions="1" time="0.032847"/>
        <testcase name="Convert collection to first feature returns null if not feature or feature collection" file="Convert Collection To First Feature (Tests\Unit\Services\GeoJsonService\ConvertCollectionToFirstFeature)::Convert collection to first feature returns null if not feature or feature collection" class="Tests\Unit\Services\GeoJsonService\ConvertCollectionToFirstFeatureTest" classname="Tests.Unit.Services.GeoJsonService.ConvertCollectionToFirstFeatureTest" assertions="1" time="0.023821"/>
        <testcase name="Convert collection to first feature returns null if not valid json" file="Convert Collection To First Feature (Tests\Unit\Services\GeoJsonService\ConvertCollectionToFirstFeature)::Convert collection to first feature returns null if not valid json" class="Tests\Unit\Services\GeoJsonService\ConvertCollectionToFirstFeatureTest" classname="Tests.Unit.Services.GeoJsonService.ConvertCollectionToFirstFeatureTest" assertions="1" time="0.025514"/>
        <testcase name="Convert collection to first feature returns the first feature if collection" file="Convert Collection To First Feature (Tests\Unit\Services\GeoJsonService\ConvertCollectionToFirstFeature)::Convert collection to first feature returns the first feature if collection" class="Tests\Unit\Services\GeoJsonService\ConvertCollectionToFirstFeatureTest" classname="Tests.Unit.Services.GeoJsonService.ConvertCollectionToFirstFeatureTest" assertions="1" time="0.021410"/>
      </testsuite>
      <testsuite name="Wm\WmPackage\Tests\Feature\ExportDownloadControllerTest" file="Export Download Controller (Wm\WmPackage\Tests\Feature\ExportDownloadController)" tests="3" assertions="9" errors="0" failures="0" skipped="0" time="0.091473">
        <testcase name="It downloads existing file" file="Export Download Controller (Wm\WmPackage\Tests\Feature\ExportDownloadController)::It downloads existing file" class="Wm\WmPackage\Tests\Feature\ExportDownloadControllerTest" classname="Wm.WmPackage.Tests.Feature.ExportDownloadControllerTest" assertions="5" time="0.038312"/>
        <testcase name="It returns correct mime type" file="Export Download Controller (Wm\WmPackage\Tests\Feature\ExportDownloadController)::It returns correct mime type" class="Wm\WmPackage\Tests\Feature\ExportDownloadControllerTest" classname="Wm.WmPackage.Tests.Feature.ExportDownloadControllerTest" assertions="2" time="0.029002"/>
        <testcase name="It deletes file after download" file="Export Download Controller (Wm\WmPackage\Tests\Feature\ExportDownloadController)::It deletes file after download" class="Wm\WmPackage\Tests\Feature\ExportDownloadControllerTest" classname="Wm.WmPackage.Tests.Feature.ExportDownloadControllerTest" assertions="2" time="0.024159"/>
      </testsuite>
      <testsuite name="Tests\Unit\Providers\OsmClientgetPropertiesAndGeometryForRelationRealCasesTest" file="Osm Clientget Properties And Geometry For Relation Real Cases (Tests\Unit\Providers\OsmClientgetPropertiesAndGeometryForRelationRealCases)" tests="3" assertions="6" errors="0" failures="0" skipped="0" time="0.089196">
        <testcase name="Real case case with relation 12254933 it works" file="Osm Clientget Properties And Geometry For Relation Real Cases (Tests\Unit\Providers\OsmClientgetPropertiesAndGeometryForRelationRealCases)::Real case case with relation 12254933 it works" class="Tests\Unit\Providers\OsmClientgetPropertiesAndGeometryForRelationRealCasesTest" classname="Tests.Unit.Providers.OsmClientgetPropertiesAndGeometryForRelationRealCasesTest" assertions="2" time="0.034777"/>
        <testcase name="Real case case with relation 14336243 it works" file="Osm Clientget Properties And Geometry For Relation Real Cases (Tests\Unit\Providers\OsmClientgetPropertiesAndGeometryForRelationRealCases)::Real case case with relation 14336243 it works" class="Tests\Unit\Providers\OsmClientgetPropertiesAndGeometryForRelationRealCasesTest" classname="Tests.Unit.Providers.OsmClientgetPropertiesAndGeometryForRelationRealCasesTest" assertions="2" time="0.029071"/>
        <testcase name="Simple case it works" file="Osm Clientget Properties And Geometry For Relation Real Cases (Tests\Unit\Providers\OsmClientgetPropertiesAndGeometryForRelationRealCases)::Simple case it works" class="Tests\Unit\Providers\OsmClientgetPropertiesAndGeometryForRelationRealCasesTest" classname="Tests.Unit.Providers.OsmClientgetPropertiesAndGeometryForRelationRealCasesTest" assertions="2" time="0.025348"/>
      </testsuite>
      <testsuite name="Tests\Feature\WmFileSystemTest" file="Wm File System (Tests\Feature\WmFileSystem)" tests="1" assertions="13" errors="0" failures="0" skipped="0" time="0.032296">
        <testcase name="Wm package filesystems are registered" file="Wm File System (Tests\Feature\WmFileSystem)::Wm package filesystems are registered" class="Tests\Feature\WmFileSystemTest" classname="Tests.Feature.WmFileSystemTest" assertions="13" time="0.032296"/>
      </testsuite>
      <testsuite name="Tests\Unit\Providers\OsmClientGetUpdatedAtTest" file="Osm Client Get Updated At (Tests\Unit\Providers\OsmClientGetUpdatedAt)" tests="8" assertions="8" errors="0" failures="0" skipped="0" time="0.218665">
        <testcase name="With relation with way more recent it returns way timestamp" file="Osm Client Get Updated At (Tests\Unit\Providers\OsmClientGetUpdatedAt)::With relation with way more recent it returns way timestamp" class="Tests\Unit\Providers\OsmClientGetUpdatedAtTest" classname="Tests.Unit.Providers.OsmClientGetUpdatedAtTest" assertions="1" time="0.033317"/>
        <testcase name="With relation with node more recent it returns node timestamp" file="Osm Client Get Updated At (Tests\Unit\Providers\OsmClientGetUpdatedAt)::With relation with node more recent it returns node timestamp" class="Tests\Unit\Providers\OsmClientGetUpdatedAtTest" classname="Tests.Unit.Providers.OsmClientGetUpdatedAtTest" assertions="1" time="0.023166"/>
        <testcase name="With way with older way it returns node timestamp" file="Osm Client Get Updated At (Tests\Unit\Providers\OsmClientGetUpdatedAt)::With way with older way it returns node timestamp" class="Tests\Unit\Providers\OsmClientGetUpdatedAtTest" classname="Tests.Unit.Providers.OsmClientGetUpdatedAtTest" assertions="1" time="0.029080"/>
        <testcase name="No timestamp throw exception" file="Osm Client Get Updated At (Tests\Unit\Providers\OsmClientGetUpdatedAt)::No timestamp throw exception" class="Tests\Unit\Providers\OsmClientGetUpdatedAtTest" classname="Tests.Unit.Providers.OsmClientGetUpdatedAtTest" assertions="1" time="0.026221"/>
        <testcase name="No elements throw exception" file="Osm Client Get Updated At (Tests\Unit\Providers\OsmClientGetUpdatedAt)::No elements throw exception" class="Tests\Unit\Providers\OsmClientGetUpdatedAtTest" classname="Tests.Unit.Providers.OsmClientGetUpdatedAtTest" assertions="1" time="0.026848"/>
        <testcase name="With way with older node it returns way timestamp" file="Osm Client Get Updated At (Tests\Unit\Providers\OsmClientGetUpdatedAt)::With way with older node it returns way timestamp" class="Tests\Unit\Providers\OsmClientGetUpdatedAtTest" classname="Tests.Unit.Providers.OsmClientGetUpdatedAtTest" assertions="1" time="0.024418"/>
        <testcase name="With relation with relation more recent it returns relation timestamp" file="Osm Client Get Updated At (Tests\Unit\Providers\OsmClientGetUpdatedAt)::With relation with relation more recent it returns relation timestamp" class="Tests\Unit\Providers\OsmClientGetUpdatedAtTest" classname="Tests.Unit.Providers.OsmClientGetUpdatedAtTest" assertions="1" time="0.026999"/>
        <testcase name="With node it returns timestamp" file="Osm Client Get Updated At (Tests\Unit\Providers\OsmClientGetUpdatedAt)::With node it returns timestamp" class="Tests\Unit\Providers\OsmClientGetUpdatedAtTest" classname="Tests.Unit.Providers.OsmClientGetUpdatedAtTest" assertions="1" time="0.028616"/>
      </testsuite>
      <testsuite name="Tests\Unit\Providers\OsmClientCheckOsmIdTest" file="Osm Client Check Osm Id (Tests\Unit\Providers\OsmClientCheckOsmId)" tests="1" assertions="7" errors="0" failures="0" skipped="0" time="0.031136">
        <testcase name="Some cases" file="Osm Client Check Osm Id (Tests\Unit\Providers\OsmClientCheckOsmId)::Some cases" class="Tests\Unit\Providers\OsmClientCheckOsmIdTest" classname="Tests.Unit.Providers.OsmClientCheckOsmIdTest" assertions="7" time="0.031136"/>
      </testsuite>
      <testsuite name="Tests\Unit\Services\EcTrackService\UpdateDemDataTest" file="Update Dem Data (Tests\Unit\Services\EcTrackService\UpdateDemData)" tests="1" assertions="1" errors="0" failures="0" skipped="0" time="0.026251">
        <testcase name="Update dem data updates track with dem data" file="Update Dem Data (Tests\Unit\Services\EcTrackService\UpdateDemData)::Update dem data updates track with dem data" class="Tests\Unit\Services\EcTrackService\UpdateDemDataTest" classname="Tests.Unit.Services.EcTrackService.UpdateDemDataTest" assertions="1" time="0.026251"/>
      </testsuite>
      <testsuite name="Tests\Unit\Providers\OsmClientgetPropertiesAndGeometryForNodeTest" file="Osm Clientget Properties And Geometry For Node (Tests\Unit\Providers\OsmClientgetPropertiesAndGeometryForNode)" tests="5" assertions="17" errors="0" failures="0" skipped="0" time="0.132637">
        <testcase name="No lon throw exception" file="Osm Clientget Properties And Geometry For Node (Tests\Unit\Providers\OsmClientgetPropertiesAndGeometryForNode)::No lon throw exception" class="Tests\Unit\Providers\OsmClientgetPropertiesAndGeometryForNodeTest" classname="Tests.Unit.Providers.OsmClientgetPropertiesAndGeometryForNodeTest" assertions="1" time="0.033285"/>
        <testcase name="With proper json has proper properties and geometry" file="Osm Clientget Properties And Geometry For Node (Tests\Unit\Providers\OsmClientgetPropertiesAndGeometryForNode)::With proper json has proper properties and geometry" class="Tests\Unit\Providers\OsmClientgetPropertiesAndGeometryForNodeTest" classname="Tests.Unit.Providers.OsmClientgetPropertiesAndGeometryForNodeTest" assertions="13" time="0.023302"/>
        <testcase name="No tags throw exception" file="Osm Clientget Properties And Geometry For Node (Tests\Unit\Providers\OsmClientgetPropertiesAndGeometryForNode)::No tags throw exception" class="Tests\Unit\Providers\OsmClientgetPropertiesAndGeometryForNodeTest" classname="Tests.Unit.Providers.OsmClientgetPropertiesAndGeometryForNodeTest" assertions="1" time="0.024112"/>
        <testcase name="No elements throw exception" file="Osm Clientget Properties And Geometry For Node (Tests\Unit\Providers\OsmClientgetPropertiesAndGeometryForNode)::No elements throw exception" class="Tests\Unit\Providers\OsmClientgetPropertiesAndGeometryForNodeTest" classname="Tests.Unit.Providers.OsmClientgetPropertiesAndGeometryForNodeTest" assertions="1" time="0.026361"/>
        <testcase name="No lat throw exception" file="Osm Clientget Properties And Geometry For Node (Tests\Unit\Providers\OsmClientgetPropertiesAndGeometryForNode)::No lat throw exception" class="Tests\Unit\Providers\OsmClientgetPropertiesAndGeometryForNodeTest" classname="Tests.Unit.Providers.OsmClientgetPropertiesAndGeometryForNodeTest" assertions="1" time="0.025577"/>
      </testsuite>
      <testsuite name="Tests\Unit\Providers\OsmClientgetPropertiesAndGeometryForRelationCheckInputTest" file="Osm Clientget Properties And Geometry For Relation Check Input (Tests\Unit\Providers\OsmClientgetPropertiesAndGeometryForRelationCheckInput)" tests="6" assertions="6" errors="0" failures="0" skipped="0" time="0.148904">
        <testcase name="With no relation element throws proper exception" file="Osm Clientget Properties And Geometry For Relation Check Input (Tests\Unit\Providers\OsmClientgetPropertiesAndGeometryForRelationCheckInput)::With no relation element throws proper exception" class="Tests\Unit\Providers\OsmClientgetPropertiesAndGeometryForRelationCheckInputTest" classname="Tests.Unit.Providers.OsmClientgetPropertiesAndGeometryForRelationCheckInputTest" assertions="1" time="0.028115"/>
        <testcase name="With no nodes throws proper exception" file="Osm Clientget Properties And Geometry For Relation Check Input (Tests\Unit\Providers\OsmClientgetPropertiesAndGeometryForRelationCheckInput)::With no nodes throws proper exception" class="Tests\Unit\Providers\OsmClientgetPropertiesAndGeometryForRelationCheckInputTest" classname="Tests.Unit.Providers.OsmClientgetPropertiesAndGeometryForRelationCheckInputTest" assertions="1" time="0.021974"/>
        <testcase name="With no members throws proper exception" file="Osm Clientget Properties And Geometry For Relation Check Input (Tests\Unit\Providers\OsmClientgetPropertiesAndGeometryForRelationCheckInput)::With no members throws proper exception" class="Tests\Unit\Providers\OsmClientgetPropertiesAndGeometryForRelationCheckInputTest" classname="Tests.Unit.Providers.OsmClientgetPropertiesAndGeometryForRelationCheckInputTest" assertions="1" time="0.022345"/>
        <testcase name="With no tags throws proper exception" file="Osm Clientget Properties And Geometry For Relation Check Input (Tests\Unit\Providers\OsmClientgetPropertiesAndGeometryForRelationCheckInput)::With no tags throws proper exception" class="Tests\Unit\Providers\OsmClientgetPropertiesAndGeometryForRelationCheckInputTest" classname="Tests.Unit.Providers.OsmClientgetPropertiesAndGeometryForRelationCheckInputTest" assertions="1" time="0.023745"/>
        <testcase name="With no ways throws proper exception" file="Osm Clientget Properties And Geometry For Relation Check Input (Tests\Unit\Providers\OsmClientgetPropertiesAndGeometryForRelationCheckInput)::With no ways throws proper exception" class="Tests\Unit\Providers\OsmClientgetPropertiesAndGeometryForRelationCheckInputTest" classname="Tests.Unit.Providers.OsmClientgetPropertiesAndGeometryForRelationCheckInputTest" assertions="1" time="0.028672"/>
        <testcase name="With no elements throws proper exception" file="Osm Clientget Properties And Geometry For Relation Check Input (Tests\Unit\Providers\OsmClientgetPropertiesAndGeometryForRelationCheckInput)::With no elements throws proper exception" class="Tests\Unit\Providers\OsmClientgetPropertiesAndGeometryForRelationCheckInputTest" classname="Tests.Unit.Providers.OsmClientgetPropertiesAndGeometryForRelationCheckInputTest" assertions="1" time="0.024053"/>
      </testsuite>
      <testsuite name="Tests\Unit\Services\EcTrackService\UpdateDataChainTest" file="Update Data Chain (Tests\Unit\Services\EcTrackService\UpdateDataChain)" tests="2" assertions="2" errors="0" failures="0" skipped="0" time="0.060624">
        <testcase name="Update data chain dispatches job if track has osm data" file="Update Data Chain (Tests\Unit\Services\EcTrackService\UpdateDataChain)::Update data chain dispatches job if track has osm data" class="Tests\Unit\Services\EcTrackService\UpdateDataChainTest" classname="Tests.Unit.Services.EcTrackService.UpdateDataChainTest" assertions="1" time="0.036588"/>
        <testcase name="Update data chain dispatches at least one job" file="Update Data Chain (Tests\Unit\Services\EcTrackService\UpdateDataChain)::Update data chain dispatches at least one job" class="Tests\Unit\Services\EcTrackService\UpdateDataChainTest" classname="Tests.Unit.Services.EcTrackService.UpdateDataChainTest" assertions="1" time="0.024035"/>
      </testsuite>
      <testsuite name="Tests\Unit\Services\GeoJsonService\IsGeoJson" file="Is Geo Json (Tests\Unit\Services\GeoJsonService\IsGeoJson)" tests="4" assertions="4" errors="0" failures="0" skipped="0" time="0.114566">
        <testcase name="Is geojson returns true if geojson" file="Is Geo Json (Tests\Unit\Services\GeoJsonService\IsGeoJson)::Is geojson returns true if geojson" class="Tests\Unit\Services\GeoJsonService\IsGeoJson" classname="Tests.Unit.Services.GeoJsonService.IsGeoJson" assertions="1" time="0.031565"/>
        <testcase name="Is geojson returns false if missing type" file="Is Geo Json (Tests\Unit\Services\GeoJsonService\IsGeoJson)::Is geojson returns false if missing type" class="Tests\Unit\Services\GeoJsonService\IsGeoJson" classname="Tests.Unit.Services.GeoJsonService.IsGeoJson" assertions="1" time="0.025592"/>
        <testcase name="Is geojson returns false if json is missing" file="Is Geo Json (Tests\Unit\Services\GeoJsonService\IsGeoJson)::Is geojson returns false if json is missing" class="Tests\Unit\Services\GeoJsonService\IsGeoJson" classname="Tests.Unit.Services.GeoJsonService.IsGeoJson" assertions="1" time="0.025950"/>
        <testcase name="Is geojson returns false if malformed json" file="Is Geo Json (Tests\Unit\Services\GeoJsonService\IsGeoJson)::Is geojson returns false if malformed json" class="Tests\Unit\Services\GeoJsonService\IsGeoJson" classname="Tests.Unit.Services.GeoJsonService.IsGeoJson" assertions="1" time="0.031458"/>
      </testsuite>
      <testsuite name="Tests\Unit\Services\EcTrackService\GetMostViewedTest" file="Get Most Viewed (Tests\Unit\Services\EcTrackService\GetMostViewed)" tests="2" assertions="6" errors="0" failures="0" skipped="0" time="0.068801">
        <testcase name="Get most viewed for specific app" file="Get Most Viewed (Tests\Unit\Services\EcTrackService\GetMostViewed)::Get most viewed for specific app" class="Tests\Unit\Services\EcTrackService\GetMostViewedTest" classname="Tests.Unit.Services.EcTrackService.GetMostViewedTest" assertions="3" time="0.045668"/>
        <testcase name="Get most viewed for webmapp app" file="Get Most Viewed (Tests\Unit\Services\EcTrackService\GetMostViewed)::Get most viewed for webmapp app" class="Tests\Unit\Services\EcTrackService\GetMostViewedTest" classname="Tests.Unit.Services.EcTrackService.GetMostViewedTest" assertions="3" time="0.023133"/>
      </testsuite>
      <testsuite name="Tests\Unit\Services\EcTrackService\GetUpdatedAtTracksTest" file="Get Updated At Tracks (Tests\Unit\Services\EcTrackService\GetUpdatedAtTracks)" tests="2" assertions="6" errors="0" failures="0" skipped="0" time="0.112566">
        <testcase name="Get updated at tracks without user" file="Get Updated At Tracks (Tests\Unit\Services\EcTrackService\GetUpdatedAtTracks)::Get updated at tracks without user" class="Tests\Unit\Services\EcTrackService\GetUpdatedAtTracksTest" classname="Tests.Unit.Services.EcTrackService.GetUpdatedAtTracksTest" assertions="2" time="0.052668"/>
        <testcase name="Get updated at tracks for existing user" file="Get Updated At Tracks (Tests\Unit\Services\EcTrackService\GetUpdatedAtTracks)::Get updated at tracks for existing user" class="Tests\Unit\Services\EcTrackService\GetUpdatedAtTracksTest" classname="Tests.Unit.Services.EcTrackService.GetUpdatedAtTracksTest" assertions="4" time="0.059898"/>
      </testsuite>
      <testsuite name="Tests\Unit\Services\EcTrackService\UpdateManualDataTest" file="Update Manual Data (Tests\Unit\Services\EcTrackService\UpdateManualData)" tests="3" assertions="3" errors="0" failures="0" skipped="0" time="0.100011">
        <testcase name="Update manual data updates multiple fields correctly" file="Update Manual Data (Tests\Unit\Services\EcTrackService\UpdateManualData)::Update manual data updates multiple fields correctly" class="Tests\Unit\Services\EcTrackService\UpdateManualDataTest" classname="Tests.Unit.Services.EcTrackService.UpdateManualDataTest" assertions="1" time="0.032799"/>
        <testcase name="Update manual data does not update field if track value equals osm or dem" file="Update Manual Data (Tests\Unit\Services\EcTrackService\UpdateManualData)::Update manual data does not update field if track value equals osm or dem" class="Tests\Unit\Services\EcTrackService\UpdateManualDataTest" classname="Tests.Unit.Services.EcTrackService.UpdateManualDataTest" assertions="1" time="0.036059"/>
        <testcase name="Update manual data updates field when track value differs from osm and dem" file="Update Manual Data (Tests\Unit\Services\EcTrackService\UpdateManualData)::Update manual data updates field when track value differs from osm and dem" class="Tests\Unit\Services\EcTrackService\UpdateManualDataTest" classname="Tests.Unit.Services.EcTrackService.UpdateManualDataTest" assertions="1" time="0.031154"/>
      </testsuite>
    </testsuite>
  </testsuite>
</testsuites>
