<?xml version="1.0" encoding="UTF-8"?>
<testsuites>
  <testsuite name="Wm\WmPackage\Tests\Unit\AnalyticsServiceTest" file="/var/www/html/camminiditalia/wm-package/tests/Unit/AnalyticsServiceTest.php" tests="10" assertions="23" errors="0" failures="0" skipped="0" time="0.124581">
    <testcase name="test_getLayerUsage_returns_expected_structure" file="/var/www/html/camminiditalia/wm-package/tests/Unit/AnalyticsServiceTest.php" line="64" class="Wm\WmPackage\Tests\Unit\AnalyticsServiceTest" classname="Wm.WmPackage.Tests.Unit.AnalyticsServiceTest" assertions="7" time="0.081746"/>
    <testcase name="test_query_posts_to_correct_endpoint" file="/var/www/html/camminiditalia/wm-package/tests/Unit/AnalyticsServiceTest.php" line="157" class="Wm\WmPackage\Tests\Unit\AnalyticsServiceTest" classname="Wm.WmPackage.Tests.Unit.AnalyticsServiceTest" assertions="1" time="0.004470"/>
    <testcase name="test_breakdown_rows_are_normalized_correctly" file="/var/www/html/camminiditalia/wm-package/tests/Unit/AnalyticsServiceTest.php" line="100" class="Wm\WmPackage\Tests\Unit\AnalyticsServiceTest" classname="Wm.WmPackage.Tests.Unit.AnalyticsServiceTest" assertions="2" time="0.003648"/>
    <testcase name="test_failed_http_response_logs_error" file="/var/www/html/camminiditalia/wm-package/tests/Unit/AnalyticsServiceTest.php" line="132" class="Wm\WmPackage\Tests\Unit\AnalyticsServiceTest" classname="Wm.WmPackage.Tests.Unit.AnalyticsServiceTest" assertions="1" time="0.011616"/>
    <testcase name="test_second_call_uses_cache_and_does_not_hit_http" file="/var/www/html/camminiditalia/wm-package/tests/Unit/AnalyticsServiceTest.php" line="30" class="Wm\WmPackage\Tests\Unit\AnalyticsServiceTest" classname="Wm.WmPackage.Tests.Unit.AnalyticsServiceTest" assertions="1" time="0.003791"/>
    <testcase name="test_daily_breakdown_rows_are_normalized_correctly" file="/var/www/html/camminiditalia/wm-package/tests/Unit/AnalyticsServiceTest.php" line="84" class="Wm\WmPackage\Tests\Unit\AnalyticsServiceTest" classname="Wm.WmPackage.Tests.Unit.AnalyticsServiceTest" assertions="3" time="0.003633"/>
    <testcase name="test_cache_key_is_scoped_per_model_id" file="/var/www/html/camminiditalia/wm-package/tests/Unit/AnalyticsServiceTest.php" line="47" class="Wm\WmPackage\Tests\Unit\AnalyticsServiceTest" classname="Wm.WmPackage.Tests.Unit.AnalyticsServiceTest" assertions="1" time="0.003827"/>
    <testcase name="test_query_sends_correct_authorization_header" file="/var/www/html/camminiditalia/wm-package/tests/Unit/AnalyticsServiceTest.php" line="146" class="Wm\WmPackage\Tests\Unit\AnalyticsServiceTest" classname="Wm.WmPackage.Tests.Unit.AnalyticsServiceTest" assertions="1" time="0.003994"/>
    <testcase name="test_failed_http_response_returns_empty_results_without_throwing" file="/var/www/html/camminiditalia/wm-package/tests/Unit/AnalyticsServiceTest.php" line="119" class="Wm\WmPackage\Tests\Unit\AnalyticsServiceTest" classname="Wm.WmPackage.Tests.Unit.AnalyticsServiceTest" assertions="5" time="0.004179"/>
    <testcase name="test_query_sends_hogql_kind" file="/var/www/html/camminiditalia/wm-package/tests/Unit/AnalyticsServiceTest.php" line="168" class="Wm\WmPackage\Tests\Unit\AnalyticsServiceTest" classname="Wm.WmPackage.Tests.Unit.AnalyticsServiceTest" assertions="1" time="0.003677"/>
  </testsuite>
</testsuites>
